<?xml version="1.0" encoding="UTF-8"?>
<testng-results ignored="0" total="1" passed="1" failed="0" skipped="0">
  <reporter-output>
  </reporter-output>
  <suite started-at="2024-04-07T09:11:13 IST" name="Default suite" finished-at="2024-04-07T09:11:13 IST" duration-ms="34">
    <groups>
    </groups>
    <test started-at="2024-04-07T09:11:13 IST" name="Default test" finished-at="2024-04-07T09:11:13 IST" duration-ms="34">
      <class name="Test.Avis1">
        <test-method signature="print()[pri:0, instance:Test.Avis1@50b5ac82]" started-at="2024-04-07T09:11:13 IST" name="print" finished-at="2024-04-07T09:11:13 IST" duration-ms="6" status="PASS">
          <reporter-output>
          </reporter-output>
        </test-method> <!-- print -->
      </class> <!-- Test.Avis1 -->
    </test> <!-- Default test -->
  </suite> <!-- Default suite -->
</testng-results>
